2025-05-11 22:25 - envios - INFO - <module> [Línea 16] - Cuenta seleccionada: 
2025-05-11 22:25 - main - INFO - main [Línea 11] - Iniciando DraftSender GUI
2025-05-11 22:25 - main - INFO - main [Línea 21] - Ícono cargado correctamente
2025-05-11 22:25 - nombre_modulo - INFO - construir_gui [Línea 77] - Construyendo GUI de DraftSender
2025-05-11 22:29 - main - INFO - main [Línea 27] - Aplicación finalizada correctamente
2025-05-11 22:29 - envios - INFO - <module> [Línea 16] - Cuenta seleccionada: 
2025-05-11 22:29 - main - INFO - main [Línea 11] - Iniciando DraftSender GUI
2025-05-11 22:29 - main - INFO - main [Línea 21] - Ícono cargado correctamente
2025-05-11 22:29 - nombre_modulo - INFO - construir_gui [Línea 77] - Construyendo GUI de DraftSender
2025-05-11 22:29 - main - INFO - main [Línea 27] - Aplicación finalizada correctamente
2025-05-11 22:30 - envios - INFO - <module> [Línea 16] - Cuenta seleccionada: 
2025-05-11 22:30 - main - INFO - main [Línea 11] - Iniciando DraftSender GUI
2025-05-11 22:30 - main - INFO - main [Línea 21] - Ícono cargado correctamente
2025-05-11 22:30 - nombre_modulo - INFO - construir_gui [Línea 77] - Construyendo GUI de DraftSender
2025-05-11 22:30 - main - INFO - main [Línea 27] - Aplicación finalizada correctamente
2025-05-11 22:32 - envios - INFO - <module> [Línea 16] - Cuenta seleccionada: 
2025-05-11 22:32 - main - INFO - main [Línea 11] - Iniciando DraftSender GUI
2025-05-11 22:32 - main - INFO - main [Línea 21] - Ícono cargado correctamente
2025-05-11 22:32 - nombre_modulo - INFO - construir_gui [Línea 77] - Construyendo GUI de DraftSender
2025-05-11 22:32 - main - INFO - main [Línea 27] - Aplicación finalizada correctamente
2025-05-11 22:33 - envios - INFO - <module> [Línea 16] - Cuenta seleccionada: 
2025-05-11 22:33 - main - INFO - main [Línea 11] - Iniciando DraftSender GUI
2025-05-11 22:33 - main - INFO - main [Línea 21] - Ícono cargado correctamente
2025-05-11 22:33 - nombre_modulo - INFO - construir_gui [Línea 77] - Construyendo GUI de DraftSender
2025-05-11 22:33 - main - INFO - main [Línea 27] - Aplicación finalizada correctamente
